<?xml version="1.0" encoding="UTF-8"?>
<!-- Generated by org.testng.reporters.JUnitXMLReporter -->
<testsuite hostname="LAPTOP-HC64QLTM" ignored="0" name="Test" tests="10" failures="2" timestamp="07 May 2020 04:17:12 GMT" time="143.357" errors="0">
  <testcase name="verifyHomePageTitleTest" time="0.016" classname="com.ecom.qa.testcases.HomePageTest"/>
  <testcase name="selectProductTest" time="9.875" classname="com.ecom.qa.testcases.ProductsPageTest"/>
  <testcase name="selectProductTest" time="9.301" classname="com.ecom.qa.testcases.ProductsPageTest">
    <failure type="java.lang.AssertionError" message="expected [Nespresso Machines • Home Nespresso Machines | Breville] but found [Nespresso • Nespresso Machines | Breville]">
      <![CDATA[java.lang.AssertionError: expected [Nespresso Machines • Home Nespresso Machines | Breville] but found [Nespresso • Nespresso Machines | Breville]
at com.ecom.qa.testcases.ProductsPageTest.selectProductTest(ProductsPageTest.java:53)
... Removed 31 stack frames]]>
    </failure>
  </testcase> <!-- selectProductTest -->
  <testcase name="selectPartsAccessoriesPageTest" time="32.357" classname="com.ecom.qa.testcases.PartsPageTest">
    <failure type="org.openqa.selenium.NoSuchElementException" message="no such element: Unable to locate element: {&amp;quot;method&amp;quot;:&amp;quot;xpath&amp;quot;,&amp;quot;selector&amp;quot;:&amp;quot;//img[contains(@alt,&amp;apos;Espresso Machines Parts&amp;apos;)]&amp;quot;}
  (Session info: chrome=81.0.4044.138)
For documentation on this error, please visit: https://www.seleniumhq.org/exceptions/no_such_element.html
Build info: version: &amp;apos;4.0.0-alpha-3&amp;apos;, revision: &amp;apos;8c567de6dc&amp;apos;
System info: host: &amp;apos;LAPTOP-HC64QLTM&amp;apos;, ip: &amp;apos;192.168.43.92&amp;apos;, os.name: &amp;apos;Windows 10&amp;apos;, os.arch: &amp;apos;amd64&amp;apos;, os.version: &amp;apos;10.0&amp;apos;, java.version: &amp;apos;1.8.0_221&amp;apos;
Driver info: org.openqa.selenium.chrome.ChromeDriver
Capabilities {acceptInsecureCerts: false, browserName: chrome, browserVersion: 81.0.4044.138, chrome: {chromedriverVersion: 81.0.4044.138 (8c6c7ba89cc9..., userDataDir: C:\Users\lokes\AppData\Loca...}, goog:chromeOptions: {debuggerAddress: localhost:59550}, javascriptEnabled: true, networkConnectionEnabled: false, pageLoadStrategy: normal, platform: WINDOWS, platformName: WINDOWS, proxy: Proxy(), setWindowRect: true, strictFileInteractability: false, timeouts: {implicit: 0, pageLoad: 300000, script: 30000}, unhandledPromptBehavior: dismiss and notify, webauthn:virtualAuthenticators: true}
Session ID: 4e201cb6715e73fa6e208b90f6e3feed
*** Element info: {Using=xpath, value=//img[contains(@alt,&amp;apos;Espresso Machines Parts&amp;apos;)]}">
      <![CDATA[org.openqa.selenium.NoSuchElementException: no such element: Unable to locate element: {"method":"xpath","selector":"//img[contains(@alt,'Espresso Machines Parts')]"}
  (Session info: chrome=81.0.4044.138)
For documentation on this error, please visit: https://www.seleniumhq.org/exceptions/no_such_element.html
Build info: version: '4.0.0-alpha-3', revision: '8c567de6dc'
System info: host: 'LAPTOP-HC64QLTM', ip: '192.168.43.92', os.name: 'Windows 10', os.arch: 'amd64', os.version: '10.0', java.version: '1.8.0_221'
Driver info: org.openqa.selenium.chrome.ChromeDriver
Capabilities {acceptInsecureCerts: false, browserName: chrome, browserVersion: 81.0.4044.138, chrome: {chromedriverVersion: 81.0.4044.138 (8c6c7ba89cc9..., userDataDir: C:\Users\lokes\AppData\Loca...}, goog:chromeOptions: {debuggerAddress: localhost:59550}, javascriptEnabled: true, networkConnectionEnabled: false, pageLoadStrategy: normal, platform: WINDOWS, platformName: WINDOWS, proxy: Proxy(), setWindowRect: true, strictFileInteractability: false, timeouts: {implicit: 0, pageLoad: 300000, script: 30000}, unhandledPromptBehavior: dismiss and notify, webauthn:virtualAuthenticators: true}
Session ID: 4e201cb6715e73fa6e208b90f6e3feed
*** Element info: {Using=xpath, value=//img[contains(@alt,'Espresso Machines Parts')]}
at org.openqa.selenium.remote.codec.w3c.W3CHttpResponseCodec.createException(W3CHttpResponseCodec.java:191)
at org.openqa.selenium.remote.codec.w3c.W3CHttpResponseCodec.decode(W3CHttpResponseCodec.java:125)
at org.openqa.selenium.remote.codec.w3c.W3CHttpResponseCodec.decode(W3CHttpResponseCodec.java:52)
at org.openqa.selenium.remote.HttpCommandExecutor.execute(HttpCommandExecutor.java:161)
at org.openqa.selenium.remote.service.DriverCommandExecutor.execute(DriverCommandExecutor.java:83)
at org.openqa.selenium.remote.RemoteWebDriver.execute(RemoteWebDriver.java:576)
at org.openqa.selenium.remote.RemoteWebDriver.findElement(RemoteWebDriver.java:327)
at org.openqa.selenium.remote.RemoteWebDriver.findElementByXPath(RemoteWebDriver.java:445)
at org.openqa.selenium.By$ByXPath.findElement(By.java:396)
at org.openqa.selenium.remote.RemoteWebDriver.findElement(RemoteWebDriver.java:319)
at org.openqa.selenium.support.events.EventFiringWebDriver.lambda$new$1(EventFiringWebDriver.java:106)
at com.sun.proxy.$Proxy8.findElement(Unknown Source)
at org.openqa.selenium.support.events.EventFiringWebDriver.findElement(EventFiringWebDriver.java:195)
at com.ecom.qa.testcases.PartsPageTest.selectPartsAccessoriesPageTest(PartsPageTest.java:54)
... Removed 33 stack frames]]>
    </failure>
  </testcase> <!-- selectPartsAccessoriesPageTest -->
  <testcase name="selectPartsAccessoriesPageTest" time="6.146" classname="com.ecom.qa.testcases.PartsPageTest"/>
  <testcase name="selectRecipesTest" time="6.874" classname="com.ecom.qa.testcases.RecipesPageTest"/>
  <testcase name="signUpLetterTest" time="8.348" classname="com.ecom.qa.testcases.SignUpPageTest"/>
  <testcase name="signUpLetterTest" time="7.891" classname="com.ecom.qa.testcases.SignUpPageTest"/>
  <testcase name="signUpLetterTest" time="3.416" classname="com.ecom.qa.testcases.SearchPageTest"/>
  <testcase name="signUpLetterTest" time="3.313" classname="com.ecom.qa.testcases.SearchPageTest"/>
</testsuite> <!-- Test -->
